
bb_init()
    conn:
    proto_major = 7
    proto_minor = 27
    async_read = 1
    max_write = 131072
    max_readahead = 131072
    capable = 00000ffb
    want = 00000010
    max_background = 0
    congestion_threshold = 0
    context:
    fuse = aa6ec7b0
    uid = 0
    gid = 0
    pid = 0
    private_data = aa6eb260
    logfile = aa6ec290
    rootdir = /home/ianandersenng/git/os211/W03/fuse-tutorial-2018-02-04/example/rootdir
    umask = 00000

bb_getattr(path="/", statbuf=0xf02cec10)
    bb_fullpath:  rootdir = "/home/ianandersenng/git/os211/W03/fuse-tutorial-2018-02-04/example/rootdir", path = "/", fpath = "/home/ianandersenng/git/os211/W03/fuse-tutorial-2018-02-04/example/rootdir/"
    lstat returned 0
    si:
    st_dev = 2050
    st_ino = 1836150
    st_mode = 040755
    st_nlink = 2
    st_uid = 1001
    st_gid = 1001
    st_rdev = 0
    st_size = 4096
    st_blksize = 4096
    st_blocks = 8
    st_atime = 0x6054d7aa
    st_mtime = 0x6054d7a9
    st_ctime = 0x6054d7a9

bb_statfs(path="/", statv=0xefaabbf0)
    bb_fullpath:  rootdir = "/home/ianandersenng/git/os211/W03/fuse-tutorial-2018-02-04/example/rootdir", path = "/", fpath = "/home/ianandersenng/git/os211/W03/fuse-tutorial-2018-02-04/example/rootdir/"
    statvfs returned 0
    sv:
    f_bsize = 4096
    f_frsize = 4096
    f_blocks = 16385933
    f_bfree = 15730293
    f_bavail = 14890485
    f_files = 4186112
    f_ffree = 4123812
    f_favail = 4123812
    f_fsid = -8091075328621787146
    f_flag = 0x00001000
    f_namemax = 255

bb_getattr(path="/Makefile", statbuf=0xf02cec40)
    bb_fullpath:  rootdir = "/home/ianandersenng/git/os211/W03/fuse-tutorial-2018-02-04/example/rootdir", path = "/Makefile", fpath = "/home/ianandersenng/git/os211/W03/fuse-tutorial-2018-02-04/example/rootdir/Makefile"
    lstat returned -1
    ERROR lstat: No such file or directory
    si:
    st_dev = 0
    st_ino = 0
    st_mode = 00
    st_nlink = 0
    st_uid = 0
    st_gid = 0
    st_rdev = 0
    st_size = 0
    st_blksize = 0
    st_blocks = 0
    st_atime = 0x00000000
    st_mtime = 0x00000000
    st_ctime = 0x00000000

bb_getattr(path="/Makefile", statbuf=0xefaabc40)
    bb_fullpath:  rootdir = "/home/ianandersenng/git/os211/W03/fuse-tutorial-2018-02-04/example/rootdir", path = "/Makefile", fpath = "/home/ianandersenng/git/os211/W03/fuse-tutorial-2018-02-04/example/rootdir/Makefile"
    lstat returned -1
    ERROR lstat: No such file or directory
    si:
    st_dev = 0
    st_ino = 0
    st_mode = 00
    st_nlink = 0
    st_uid = 0
    st_gid = 0
    st_rdev = 0
    st_size = 0
    st_blksize = 0
    st_blocks = 0
    st_atime = 0x00000000
    st_mtime = 0x00000000
    st_ctime = 0x00000000

bb_mknod(path="/Makefile", mode=0100644, dev=0)
    bb_fullpath:  rootdir = "/home/ianandersenng/git/os211/W03/fuse-tutorial-2018-02-04/example/rootdir", path = "/Makefile", fpath = "/home/ianandersenng/git/os211/W03/fuse-tutorial-2018-02-04/example/rootdir/Makefile"
    open returned 5
    close returned 0

bb_getattr(path="/Makefile", statbuf=0xefaabc40)
    bb_fullpath:  rootdir = "/home/ianandersenng/git/os211/W03/fuse-tutorial-2018-02-04/example/rootdir", path = "/Makefile", fpath = "/home/ianandersenng/git/os211/W03/fuse-tutorial-2018-02-04/example/rootdir/Makefile"
    lstat returned 0
    si:
    st_dev = 2050
    st_ino = 1836164
    st_mode = 0100644
    st_nlink = 1
    st_uid = 1001
    st_gid = 1001
    st_rdev = 0
    st_size = 0
    st_blksize = 4096
    st_blocks = 0
    st_atime = 0x6054d7aa
    st_mtime = 0x6054d7aa
    st_ctime = 0x6054d7aa

bb_open(path"/Makefile", fi=0xf02cecf0)
    bb_fullpath:  rootdir = "/home/ianandersenng/git/os211/W03/fuse-tutorial-2018-02-04/example/rootdir", path = "/Makefile", fpath = "/home/ianandersenng/git/os211/W03/fuse-tutorial-2018-02-04/example/rootdir/Makefile"
    open returned 5
    fi:
    flags = 0x00008001
    fh_old = 0x00000000
    writepage = 0
    direct_io = 0
    keep_cache = 0
    fh = 0x0000000000000005
    lock_owner = 0x0000000000000000

bb_getxattr(path = "/Makefile", name = "security.capability", value = 0x00000000, size = 0)
    bb_fullpath:  rootdir = "/home/ianandersenng/git/os211/W03/fuse-tutorial-2018-02-04/example/rootdir", path = "/Makefile", fpath = "/home/ianandersenng/git/os211/W03/fuse-tutorial-2018-02-04/example/rootdir/Makefile"
    lgetxattr returned -1
    ERROR lgetxattr: No data available

bb_write(path="/Makefile", buf=0xf02d0060, size=186, offset=0, fi=0xf02ced50)
    fi:
    flags = 0x00008001
    fh_old = 0x00000005
    writepage = 0
    direct_io = 0
    keep_cache = 0
    fh = 0x0000000000000005
    lock_owner = 0x0000000000000000
    pwrite returned 186

bb_flush(path="/Makefile", fi=0xefaabcf0)
    fi:
    flags = 0x00000000
    fh_old = 0x00000005
    writepage = 0
    direct_io = 0
    keep_cache = 0
    fh = 0x0000000000000005
    lock_owner = 0xa1ebc07ec4c64884

bb_release(path="/Makefile", fi=0xf02cecf0)
    fi:
    flags = 0x00008001
    fh_old = 0x00000005
    writepage = 0
    direct_io = 0
    keep_cache = 0
    fh = 0x0000000000000005
    lock_owner = 0x0000000000000000
    close returned 0

bb_getattr(path="/touch-a-file.txt", statbuf=0xefaabc40)
    bb_fullpath:  rootdir = "/home/ianandersenng/git/os211/W03/fuse-tutorial-2018-02-04/example/rootdir", path = "/touch-a-file.txt", fpath = "/home/ianandersenng/git/os211/W03/fuse-tutorial-2018-02-04/example/rootdir/touch-a-file.txt"
    lstat returned -1
    ERROR lstat: No such file or directory
    si:
    st_dev = 0
    st_ino = 0
    st_mode = 00
    st_nlink = 0
    st_uid = 0
    st_gid = 0
    st_rdev = 0
    st_size = 0
    st_blksize = 0
    st_blocks = 0
    st_atime = 0x00000000
    st_mtime = 0x00000000
    st_ctime = 0x00000000

bb_mknod(path="/touch-a-file.txt", mode=0100644, dev=0)
    bb_fullpath:  rootdir = "/home/ianandersenng/git/os211/W03/fuse-tutorial-2018-02-04/example/rootdir", path = "/touch-a-file.txt", fpath = "/home/ianandersenng/git/os211/W03/fuse-tutorial-2018-02-04/example/rootdir/touch-a-file.txt"
    open returned 5
    close returned 0

bb_getattr(path="/touch-a-file.txt", statbuf=0xf02cec40)
    bb_fullpath:  rootdir = "/home/ianandersenng/git/os211/W03/fuse-tutorial-2018-02-04/example/rootdir", path = "/touch-a-file.txt", fpath = "/home/ianandersenng/git/os211/W03/fuse-tutorial-2018-02-04/example/rootdir/touch-a-file.txt"
    lstat returned 0
    si:
    st_dev = 2050
    st_ino = 1836165
    st_mode = 0100644
    st_nlink = 1
    st_uid = 1001
    st_gid = 1001
    st_rdev = 0
    st_size = 0
    st_blksize = 4096
    st_blocks = 0
    st_atime = 0x6054d7aa
    st_mtime = 0x6054d7aa
    st_ctime = 0x6054d7aa

bb_open(path"/touch-a-file.txt", fi=0xefaabcf0)
    bb_fullpath:  rootdir = "/home/ianandersenng/git/os211/W03/fuse-tutorial-2018-02-04/example/rootdir", path = "/touch-a-file.txt", fpath = "/home/ianandersenng/git/os211/W03/fuse-tutorial-2018-02-04/example/rootdir/touch-a-file.txt"
    open returned 5
    fi:
    flags = 0x00008801
    fh_old = 0x00000000
    writepage = 0
    direct_io = 0
    keep_cache = 0
    fh = 0x0000000000000005
    lock_owner = 0x0000000000000000

bb_flush(path="/touch-a-file.txt", fi=0xf02cecf0)
    fi:
    flags = 0x00000000
    fh_old = 0x00000005
    writepage = 0
    direct_io = 0
    keep_cache = 0
    fh = 0x0000000000000005
    lock_owner = 0xa425d6b619679122

bb_utime(path="/touch-a-file.txt", ubuf=0xefaabaa0)
    bb_fullpath:  rootdir = "/home/ianandersenng/git/os211/W03/fuse-tutorial-2018-02-04/example/rootdir", path = "/touch-a-file.txt", fpath = "/home/ianandersenng/git/os211/W03/fuse-tutorial-2018-02-04/example/rootdir/touch-a-file.txt"
    utime returned 0

bb_getattr(path="/touch-a-file.txt", statbuf=0xefaabb70)
    bb_fullpath:  rootdir = "/home/ianandersenng/git/os211/W03/fuse-tutorial-2018-02-04/example/rootdir", path = "/touch-a-file.txt", fpath = "/home/ianandersenng/git/os211/W03/fuse-tutorial-2018-02-04/example/rootdir/touch-a-file.txt"
    lstat returned 0
    si:
    st_dev = 2050
    st_ino = 1836165
    st_mode = 0100644
    st_nlink = 1
    st_uid = 1001
    st_gid = 1001
    st_rdev = 0
    st_size = 0
    st_blksize = 4096
    st_blocks = 0
    st_atime = 0x6054d7aa
    st_mtime = 0x6054d7aa
    st_ctime = 0x6054d7aa

bb_flush(path="/touch-a-file.txt", fi=0xf02cecf0)
    fi:
    flags = 0x00000000
    fh_old = 0x00000005
    writepage = 0
    direct_io = 0
    keep_cache = 0
    fh = 0x0000000000000005
    lock_owner = 0xa425d6b619679122

bb_release(path="/touch-a-file.txt", fi=0xefaabcf0)
    fi:
    flags = 0x00008801
    fh_old = 0x00000005
    writepage = 0
    direct_io = 0
    keep_cache = 0
    fh = 0x0000000000000005
    lock_owner = 0x0000000000000000
    close returned 0

bb_getattr(path="/", statbuf=0xf02cec10)
    bb_fullpath:  rootdir = "/home/ianandersenng/git/os211/W03/fuse-tutorial-2018-02-04/example/rootdir", path = "/", fpath = "/home/ianandersenng/git/os211/W03/fuse-tutorial-2018-02-04/example/rootdir/"
    lstat returned 0
    si:
    st_dev = 2050
    st_ino = 1836150
    st_mode = 040755
    st_nlink = 2
    st_uid = 1001
    st_gid = 1001
    st_rdev = 0
    st_size = 4096
    st_blksize = 4096
    st_blocks = 8
    st_atime = 0x6054d7aa
    st_mtime = 0x6054d7aa
    st_ctime = 0x6054d7aa

bb_getxattr(path = "/", name = "security.selinux", value = 0xe0000bf0, size = 255)
    bb_fullpath:  rootdir = "/home/ianandersenng/git/os211/W03/fuse-tutorial-2018-02-04/example/rootdir", path = "/", fpath = "/home/ianandersenng/git/os211/W03/fuse-tutorial-2018-02-04/example/rootdir/"
    lgetxattr returned -1
    ERROR lgetxattr: No data available

bb_getxattr(path = "/", name = "system.posix_acl_access", value = 0x00000000, size = 0)
    bb_fullpath:  rootdir = "/home/ianandersenng/git/os211/W03/fuse-tutorial-2018-02-04/example/rootdir", path = "/", fpath = "/home/ianandersenng/git/os211/W03/fuse-tutorial-2018-02-04/example/rootdir/"
    lgetxattr returned -1
    ERROR lgetxattr: No data available

bb_getxattr(path = "/", name = "system.posix_acl_default", value = 0x00000000, size = 0)
    bb_fullpath:  rootdir = "/home/ianandersenng/git/os211/W03/fuse-tutorial-2018-02-04/example/rootdir", path = "/", fpath = "/home/ianandersenng/git/os211/W03/fuse-tutorial-2018-02-04/example/rootdir/"
    lgetxattr returned -1
    ERROR lgetxattr: No data available

bb_opendir(path="/", fi=0xf02cec30)
    bb_fullpath:  rootdir = "/home/ianandersenng/git/os211/W03/fuse-tutorial-2018-02-04/example/rootdir", path = "/", fpath = "/home/ianandersenng/git/os211/W03/fuse-tutorial-2018-02-04/example/rootdir/"
    opendir returned 0x0x7f24e80022e0
    fi:
    flags = 0x00018800
    fh_old = 0x00000000
    writepage = 0
    direct_io = 0
    keep_cache = 0
    fh = 0x00007f24e80022e0
    lock_owner = 0x0000000000000000

bb_readdir(path="/", buf=0xe8002260, filler=0xf04e4b80, offset=0, fi=0xefaabc30)
    readdir returned 0x0x7f24e8002310
calling filler with name ..
calling filler with name bogus.txt
calling filler with name .
calling filler with name Makefile
calling filler with name touch-a-file.txt
    fi:
    flags = 0x00000000
    fh_old = 0x7f24e80022e0
    writepage = 0
    direct_io = 0
    keep_cache = 0
    fh = 0x00007f24e80022e0
    lock_owner = 0x0000000000000000

bb_getattr(path="/bogus.txt", statbuf=0xf02cec40)
    bb_fullpath:  rootdir = "/home/ianandersenng/git/os211/W03/fuse-tutorial-2018-02-04/example/rootdir", path = "/bogus.txt", fpath = "/home/ianandersenng/git/os211/W03/fuse-tutorial-2018-02-04/example/rootdir/bogus.txt"
    lstat returned 0
    si:
    st_dev = 2050
    st_ino = 1836151
    st_mode = 0100644
    st_nlink = 1
    st_uid = 1001
    st_gid = 1001
    st_rdev = 0
    st_size = 11
    st_blksize = 4096
    st_blocks = 8
    st_atime = 0x6054d7a9
    st_mtime = 0x6054d7a9
    st_ctime = 0x6054d7a9

bb_getxattr(path = "/bogus.txt", name = "security.selinux", value = 0xe0000bf0, size = 255)
    bb_fullpath:  rootdir = "/home/ianandersenng/git/os211/W03/fuse-tutorial-2018-02-04/example/rootdir", path = "/bogus.txt", fpath = "/home/ianandersenng/git/os211/W03/fuse-tutorial-2018-02-04/example/rootdir/bogus.txt"
    lgetxattr returned -1
    ERROR lgetxattr: No data available

bb_getxattr(path = "/bogus.txt", name = "system.posix_acl_access", value = 0x00000000, size = 0)
    bb_fullpath:  rootdir = "/home/ianandersenng/git/os211/W03/fuse-tutorial-2018-02-04/example/rootdir", path = "/bogus.txt", fpath = "/home/ianandersenng/git/os211/W03/fuse-tutorial-2018-02-04/example/rootdir/bogus.txt"
    lgetxattr returned -1
    ERROR lgetxattr: No data available

bb_getattr(path="/", statbuf=0xefaabc10)
    bb_fullpath:  rootdir = "/home/ianandersenng/git/os211/W03/fuse-tutorial-2018-02-04/example/rootdir", path = "/", fpath = "/home/ianandersenng/git/os211/W03/fuse-tutorial-2018-02-04/example/rootdir/"
    lstat returned 0
    si:
    st_dev = 2050
    st_ino = 1836150
    st_mode = 040755
    st_nlink = 2
    st_uid = 1001
    st_gid = 1001
    st_rdev = 0
    st_size = 4096
    st_blksize = 4096
    st_blocks = 8
    st_atime = 0x6054d7aa
    st_mtime = 0x6054d7aa
    st_ctime = 0x6054d7aa

bb_getxattr(path = "/", name = "security.selinux", value = 0xe8001df0, size = 255)
    bb_fullpath:  rootdir = "/home/ianandersenng/git/os211/W03/fuse-tutorial-2018-02-04/example/rootdir", path = "/", fpath = "/home/ianandersenng/git/os211/W03/fuse-tutorial-2018-02-04/example/rootdir/"
    lgetxattr returned -1
    ERROR lgetxattr: No data available

bb_getxattr(path = "/", name = "system.posix_acl_access", value = 0x00000000, size = 0)
    bb_fullpath:  rootdir = "/home/ianandersenng/git/os211/W03/fuse-tutorial-2018-02-04/example/rootdir", path = "/", fpath = "/home/ianandersenng/git/os211/W03/fuse-tutorial-2018-02-04/example/rootdir/"
    lgetxattr returned -1
    ERROR lgetxattr: No data available

bb_getxattr(path = "/", name = "system.posix_acl_default", value = 0x00000000, size = 0)
    bb_fullpath:  rootdir = "/home/ianandersenng/git/os211/W03/fuse-tutorial-2018-02-04/example/rootdir", path = "/", fpath = "/home/ianandersenng/git/os211/W03/fuse-tutorial-2018-02-04/example/rootdir/"
    lgetxattr returned -1
    ERROR lgetxattr: No data available

bb_getattr(path="/Makefile", statbuf=0xefaabc10)
    bb_fullpath:  rootdir = "/home/ianandersenng/git/os211/W03/fuse-tutorial-2018-02-04/example/rootdir", path = "/Makefile", fpath = "/home/ianandersenng/git/os211/W03/fuse-tutorial-2018-02-04/example/rootdir/Makefile"
    lstat returned 0
    si:
    st_dev = 2050
    st_ino = 1836164
    st_mode = 0100644
    st_nlink = 1
    st_uid = 1001
    st_gid = 1001
    st_rdev = 0
    st_size = 186
    st_blksize = 4096
    st_blocks = 8
    st_atime = 0x6054d7aa
    st_mtime = 0x6054d7aa
    st_ctime = 0x6054d7aa

bb_getxattr(path = "/Makefile", name = "security.selinux", value = 0xe8001df0, size = 255)
    bb_fullpath:  rootdir = "/home/ianandersenng/git/os211/W03/fuse-tutorial-2018-02-04/example/rootdir", path = "/Makefile", fpath = "/home/ianandersenng/git/os211/W03/fuse-tutorial-2018-02-04/example/rootdir/Makefile"
    lgetxattr returned -1
    ERROR lgetxattr: No data available

bb_getxattr(path = "/Makefile", name = "system.posix_acl_access", value = 0x00000000, size = 0)
    bb_fullpath:  rootdir = "/home/ianandersenng/git/os211/W03/fuse-tutorial-2018-02-04/example/rootdir", path = "/Makefile", fpath = "/home/ianandersenng/git/os211/W03/fuse-tutorial-2018-02-04/example/rootdir/Makefile"
    lgetxattr returned -1
    ERROR lgetxattr: No data available

bb_getxattr(path = "/touch-a-file.txt", name = "security.selinux", value = 0xe8001df0, size = 255)
    bb_fullpath:  rootdir = "/home/ianandersenng/git/os211/W03/fuse-tutorial-2018-02-04/example/rootdir", path = "/touch-a-file.txt", fpath = "/home/ianandersenng/git/os211/W03/fuse-tutorial-2018-02-04/example/rootdir/touch-a-file.txt"
    lgetxattr returned -1
    ERROR lgetxattr: No data available

bb_getxattr(path = "/touch-a-file.txt", name = "system.posix_acl_access", value = 0x00000000, size = 0)
    bb_fullpath:  rootdir = "/home/ianandersenng/git/os211/W03/fuse-tutorial-2018-02-04/example/rootdir", path = "/touch-a-file.txt", fpath = "/home/ianandersenng/git/os211/W03/fuse-tutorial-2018-02-04/example/rootdir/touch-a-file.txt"
    lgetxattr returned -1
    ERROR lgetxattr: No data available

bb_releasedir(path="/", fi=0xefaabc40)
    fi:
    flags = 0x00000000
    fh_old = 0x7f24e80022e0
    writepage = 0
    direct_io = 0
    keep_cache = 0
    fh = 0x00007f24e80022e0
    lock_owner = 0x0000000000000000

bb_getattr(path="/", statbuf=0xf02cec10)
    bb_fullpath:  rootdir = "/home/ianandersenng/git/os211/W03/fuse-tutorial-2018-02-04/example/rootdir", path = "/", fpath = "/home/ianandersenng/git/os211/W03/fuse-tutorial-2018-02-04/example/rootdir/"
    lstat returned 0
    si:
    st_dev = 2050
    st_ino = 1836150
    st_mode = 040755
    st_nlink = 2
    st_uid = 1001
    st_gid = 1001
    st_rdev = 0
    st_size = 4096
    st_blksize = 4096
    st_blocks = 8
    st_atime = 0x6054d7aa
    st_mtime = 0x6054d7aa
    st_ctime = 0x6054d7aa

bb_statfs(path="/", statv=0xefaabbf0)
    bb_fullpath:  rootdir = "/home/ianandersenng/git/os211/W03/fuse-tutorial-2018-02-04/example/rootdir", path = "/", fpath = "/home/ianandersenng/git/os211/W03/fuse-tutorial-2018-02-04/example/rootdir/"
    statvfs returned 0
    sv:
    f_bsize = 4096
    f_frsize = 4096
    f_blocks = 16385933
    f_bfree = 15730288
    f_bavail = 14890480
    f_files = 4186112
    f_ffree = 4123810
    f_favail = 4123810
    f_fsid = -8091075328621787146
    f_flag = 0x00001000
    f_namemax = 255

bb_destroy(userdata=0xaa6eb260)
